<?xml version="1.0" encoding="UTF-8"?>
<Site BuildName="Linux-g++"
	BuildStamp="20240923-1938-Experimental"
	Name="codespaces-c84fa6"
	Generator="ctest-3.25.1"
	CompilerName="/usr/bin/g++"
	CompilerVersion="12.2.0"
	OSName="Linux"
	Hostname="codespaces-c84fa6"
	OSRelease="6.5.0-1025-azure"
	OSVersion="#26~22.04.1-Ubuntu SMP Thu Jul 11 22:33:04 UTC 2024"
	OSPlatform="x86_64"
	Is64Bits="1"
	VendorString="AuthenticAMD"
	VendorID="Advanced Micro Devices"
	FamilyID="25"
	ModelID="1"
	ProcessorCacheSize="512"
	NumberOfLogicalCPU="4"
	NumberOfPhysicalCPU="2"
	TotalVirtualMemory="0"
	TotalPhysicalMemory="15981"
	LogicalProcessorsPerPhysical="2"
	ProcessorClockFrequency="3243.42"
	>
	<Testing>
		<StartDateTime>Sep 23 19:38 UTC</StartDateTime>
		<StartTestTime>1727120323</StartTestTime>
		<TestList/>
		<EndDateTime>Sep 23 19:38 UTC</EndDateTime>
		<EndTestTime>1727120323</EndTestTime>
		<ElapsedMinutes>0</ElapsedMinutes>
	</Testing>
</Site>
