<?xml version="1.0" encoding="UTF-8"?>
<Site BuildName="Linux-g++"
	BuildStamp="20240929-0017-Experimental"
	Name="codespaces-c84fa6"
	Generator="ctest-3.25.1"
	CompilerName="/usr/bin/g++"
	CompilerVersion="12.2.0"
	OSName="Linux"
	Hostname="codespaces-c84fa6"
	OSRelease="6.8.0-1014-azure"
	OSVersion="#16~22.04.1-Ubuntu SMP Thu Aug 15 21:31:41 UTC 2024"
	OSPlatform="x86_64"
	Is64Bits="1"
	VendorString="AuthenticAMD"
	VendorID="Advanced Micro Devices"
	FamilyID="25"
	ModelID="1"
	ProcessorCacheSize="512"
	NumberOfLogicalCPU="4"
	NumberOfPhysicalCPU="2"
	TotalVirtualMemory="0"
	TotalPhysicalMemory="15990"
	LogicalProcessorsPerPhysical="2"
	ProcessorClockFrequency="3243.75"
	>
	<Testing>
		<StartDateTime>Sep 29 22:07 UTC</StartDateTime>
		<StartTestTime>1727647654</StartTestTime>
		<TestList/>
		<EndDateTime>Sep 29 22:07 UTC</EndDateTime>
		<EndTestTime>1727647654</EndTestTime>
		<ElapsedMinutes>0</ElapsedMinutes>
	</Testing>
</Site>
